<?xml version="1.0" encoding="UTF-8"?>
<!-- Generated by org.testng.reporters.JUnitXMLReporter -->
<testsuite ignored="0" hostname="DESKTOP-99P843S" failures="0" tests="3" name="Test" time="48.824" errors="0" timestamp="2023-08-17T11:41:09 IST">
  <testcase classname="demo_project_practice.Test_demo" name="Setup1" time="13.698"/>
  <testcase classname="demo_project_practice.Test_demo" name="setup2" time="16.159"/>
  <testcase classname="demo_project_practice.Test_demo" name="setup3" time="18.841"/>
</testsuite> <!-- Test -->
