<?xml version="1.0" encoding="UTF-8"?>
<testng-results ignored="0" total="3" passed="3" failed="0" skipped="0">
  <reporter-output>
  </reporter-output>
  <suite started-at="2023-08-17T11:40:20 IST" name="Suite" finished-at="2023-08-17T11:41:09 IST" duration-ms="48824">
    <groups>
    </groups>
    <test started-at="2023-08-17T11:40:20 IST" name="Test" finished-at="2023-08-17T11:41:09 IST" duration-ms="48824">
      <class name="demo_project_practice.Test_demo">
        <test-method signature="Setup1()[pri:0, instance:demo_project_practice.Test_demo@524f3b3a]" started-at="2023-08-17T11:40:20 IST" name="Setup1" finished-at="2023-08-17T11:40:34 IST" duration-ms="13698" status="PASS">
          <reporter-output>
          </reporter-output>
        </test-method> <!-- Setup1 -->
        <test-method signature="setup2()[pri:0, instance:demo_project_practice.Test_demo@524f3b3a]" started-at="2023-08-17T11:40:34 IST" name="setup2" finished-at="2023-08-17T11:40:50 IST" duration-ms="16159" status="PASS">
          <reporter-output>
          </reporter-output>
        </test-method> <!-- setup2 -->
        <test-method signature="setup3()[pri:0, instance:demo_project_practice.Test_demo@524f3b3a]" started-at="2023-08-17T11:40:50 IST" name="setup3" finished-at="2023-08-17T11:41:09 IST" duration-ms="18841" status="PASS">
          <reporter-output>
          </reporter-output>
        </test-method> <!-- setup3 -->
      </class> <!-- demo_project_practice.Test_demo -->
    </test> <!-- Test -->
  </suite> <!-- Suite -->
</testng-results>
