<?xml version="1.0" encoding="UTF-8"?>
<testng-results ignored="0" total="3" passed="3" failed="0" skipped="0">
  <reporter-output>
  </reporter-output>
  <suite started-at="2023-08-18T19:55:20 IST" name="Suite" finished-at="2023-08-18T19:55:55 IST" duration-ms="34968">
    <groups>
    </groups>
    <test started-at="2023-08-18T19:55:20 IST" name="chromeTest" finished-at="2023-08-18T19:55:40 IST" duration-ms="19807">
      <class name="demo_project_practice.urlTest">
        <test-method is-config="true" signature="Setup(java.lang.String)[pri:0, instance:demo_project_practice.urlTest@53fe15ff]" started-at="2023-08-18T19:55:20 IST" name="Setup" finished-at="2023-08-18T19:55:27 IST" duration-ms="6668" status="PASS">
          <params>
            <param index="0">
              <value>
                <![CDATA[chrome]]>
              </value>
            </param>
          </params>
          <reporter-output>
          </reporter-output>
        </test-method> <!-- Setup -->
        <test-method signature="url()[pri:0, instance:demo_project_practice.urlTest@53fe15ff]" started-at="2023-08-18T19:55:27 IST" name="url" finished-at="2023-08-18T19:55:38 IST" duration-ms="11170" status="PASS">
          <reporter-output>
          </reporter-output>
        </test-method> <!-- url -->
        <test-method is-config="true" signature="Teardown()[pri:0, instance:demo_project_practice.urlTest@53fe15ff]" started-at="2023-08-18T19:55:38 IST" name="Teardown" finished-at="2023-08-18T19:55:40 IST" duration-ms="1818" status="PASS">
          <reporter-output>
          </reporter-output>
        </test-method> <!-- Teardown -->
      </class> <!-- demo_project_practice.urlTest -->
    </test> <!-- chromeTest -->
    <test started-at="2023-08-18T19:55:20 IST" name="edgeTest" finished-at="2023-08-18T19:55:50 IST" duration-ms="29592">
      <class name="demo_project_practice.urlTest">
        <test-method is-config="true" signature="Setup(java.lang.String)[pri:0, instance:demo_project_practice.urlTest@72cc7e6f]" started-at="2023-08-18T19:55:20 IST" name="Setup" finished-at="2023-08-18T19:55:27 IST" duration-ms="6664" status="PASS">
          <params>
            <param index="0">
              <value>
                <![CDATA[edge]]>
              </value>
            </param>
          </params>
          <reporter-output>
          </reporter-output>
        </test-method> <!-- Setup -->
        <test-method signature="url()[pri:0, instance:demo_project_practice.urlTest@72cc7e6f]" started-at="2023-08-18T19:55:27 IST" name="url" finished-at="2023-08-18T19:55:49 IST" duration-ms="21833" status="PASS">
          <reporter-output>
          </reporter-output>
        </test-method> <!-- url -->
        <test-method is-config="true" signature="Teardown()[pri:0, instance:demo_project_practice.urlTest@72cc7e6f]" started-at="2023-08-18T19:55:49 IST" name="Teardown" finished-at="2023-08-18T19:55:50 IST" duration-ms="988" status="PASS">
          <reporter-output>
          </reporter-output>
        </test-method> <!-- Teardown -->
      </class> <!-- demo_project_practice.urlTest -->
    </test> <!-- edgeTest -->
    <test started-at="2023-08-18T19:55:20 IST" name="firefoxTest" finished-at="2023-08-18T19:55:55 IST" duration-ms="34968">
      <class name="demo_project_practice.urlTest">
        <test-method is-config="true" signature="Setup(java.lang.String)[pri:0, instance:demo_project_practice.urlTest@3f191845]" started-at="2023-08-18T19:55:20 IST" name="Setup" finished-at="2023-08-18T19:55:38 IST" duration-ms="17706" status="PASS">
          <params>
            <param index="0">
              <value>
                <![CDATA[firefox]]>
              </value>
            </param>
          </params>
          <reporter-output>
          </reporter-output>
        </test-method> <!-- Setup -->
        <test-method signature="url()[pri:0, instance:demo_project_practice.urlTest@3f191845]" started-at="2023-08-18T19:55:38 IST" name="url" finished-at="2023-08-18T19:55:50 IST" duration-ms="11789" status="PASS">
          <reporter-output>
          </reporter-output>
        </test-method> <!-- url -->
        <test-method is-config="true" signature="Teardown()[pri:0, instance:demo_project_practice.urlTest@3f191845]" started-at="2023-08-18T19:55:50 IST" name="Teardown" finished-at="2023-08-18T19:55:55 IST" duration-ms="5411" status="PASS">
          <reporter-output>
          </reporter-output>
        </test-method> <!-- Teardown -->
      </class> <!-- demo_project_practice.urlTest -->
    </test> <!-- firefoxTest -->
  </suite> <!-- Suite -->
</testng-results>
